[00:01:50:09] Found chunk loader handler for chunk id 8771 with name "Shaders"
[00:01:50:10] Found chunk loader handler for chunk id 8739 with name "AppHeader"
[00:01:50:10] Found chunk loader handler for chunk id 8742 with name "AppMenu"
[00:01:50:10] Found chunk loader handler for chunk id 8760 with name "BinaryFiles"
[00:01:50:10] Found chunk loader handler for chunk id 8756 with name "Extensions"
[00:01:50:10] Found chunk loader handler for chunk id 8747 with name "FrameHandles"
[00:01:50:10] Found chunk loader handler for chunk id 8745 with name "FrameItems"
[00:01:50:10] Found chunk loader handler for chunk id 8767 with name "FrameItems2"
[00:01:50:10] Found chunk loader handler for chunk id 8740 with name "AppName"
[00:01:50:10] Found chunk loader handler for chunk id 8741 with name "AppAuthor"
[00:01:50:10] Found chunk loader handler for chunk id 8743 with name "ExtPath"
[00:01:50:10] Found chunk loader handler for chunk id 8750 with name "EditorFilename"
[00:01:50:10] Found chunk loader handler for chunk id 8751 with name "TargetFilename"
[00:01:50:10] Found chunk loader handler for chunk id 8763 with name "TargetFilename"
[00:01:50:10] Found chunk loader handler for chunk id 8790 with name "TwoFivePlusProperties"
[00:01:50:10] Found chunk loader handler for chunk id 8788 with name "TwoFivePlusNames"
[00:01:50:11] Found chunk loader handler for chunk id 8787 with name "TwoFivePlusHeaders"
[00:01:50:11] Found chunk loader handler for chunk id 8789 with name "TwoFivePlusShaders"
[00:01:50:11] Found chunk loader handler for chunk id 13107 with name "Frame"
[00:01:50:11] Found chunk loader handler for chunk id 26215 with name "FontBank"
[00:01:50:11] Found chunk loader handler for chunk id 26214 with name "ImageBank"
[00:01:50:11] Found chunk loader handler for chunk id 26216 with name "SoundBank"
